<?xml version="1.0" encoding="UTF-8"?>
<!-- Generated by org.testng.reporters.JUnitXMLReporter -->
<testsuite ignored="0" hostname="sofanas-MacBook-Pro.local" failures="0" tests="1" name="Command line test" time="0.054" errors="0" timestamp="16 Dec 2018 19:02:23 GMT">
  <testcase classname="pomDesign.SeachBylocationTest" name="@BeforeTest setUp" time="0.028">
    <failure type="java.lang.NoSuchMethodError" message="org.slf4j.impl.StaticLoggerBinder.getSingleton()Lorg/slf4j/impl/StaticLoggerBinder;">
      <![CDATA[java.lang.NoSuchMethodError: org.slf4j.impl.StaticLoggerBinder.getSingleton()Lorg/slf4j/impl/StaticLoggerBinder;
at org.slf4j.LoggerFactory.bind(LoggerFactory.java:150)
at org.slf4j.LoggerFactory.performInitialization(LoggerFactory.java:124)
at org.slf4j.LoggerFactory.getILoggerFactory(LoggerFactory.java:412)
at org.slf4j.LoggerFactory.getLogger(LoggerFactory.java:357)
at org.slf4j.LoggerFactory.getLogger(LoggerFactory.java:383)
at io.github.bonigarcia.wdm.WebDriverManager.<clinit>(WebDriverManager.java:93)
at pomDesign.SeachBylocationTest.setUp(SeachBylocationTest.java:34)
... Removed 33 stack frames]]>
    </failure>
  </testcase> <!-- @BeforeTest setUp -->
  <testcase classname="pomDesign.SeachBylocationTest" name="@BeforeMethod setUp" time="0.0">
    <skipped/>
  </testcase> <!-- @BeforeMethod setUp -->
  <testcase classname="pomDesign.SeachBylocationTest" name="@AfterTest closeUp" time="0.0">
    <skipped/>
  </testcase> <!-- @AfterTest closeUp -->
  <testcase classname="pomDesign.SeachBylocationTest" name="SearchByLocation" time="0.0">
    <skipped/>
  </testcase> <!-- SearchByLocation -->
</testsuite> <!-- Command line test -->
