<?xml version="1.0" encoding="UTF-8" ?>
<testsuite tests="4" failures="1" name="pomDesign.SeachBylocationTest" time="1.065" errors="0" skipped="3">
  <properties>
[...]
</properties>
  <testcase classname="pomDesign.SeachBylocationTest" name="setUp" time="0.253">
    <failure message="org.slf4j.impl.StaticLoggerBinder.getSingleton()Lorg/slf4j/impl/StaticLoggerBinder;" type="java.lang.NoSuchMethodError">java.lang.NoSuchMethodError: org.slf4j.impl.StaticLoggerBinder.getSingleton()Lorg/slf4j/impl/StaticLoggerBinder;
	at org.slf4j.LoggerFactory.bind(LoggerFactory.java:150)
	at org.slf4j.LoggerFactory.performInitialization(LoggerFactory.java:124)
	at org.slf4j.LoggerFactory.getILoggerFactory(LoggerFactory.java:412)
	at org.slf4j.LoggerFactory.getLogger(LoggerFactory.java:357)
	at org.slf4j.LoggerFactory.getLogger(LoggerFactory.java:383)
	at io.github.bonigarcia.wdm.WebDriverManager.&lt;clinit&gt;(WebDriverManager.java:93)
	at pomDesign.SeachBylocationTest.setUp(SeachBylocationTest.java:34)
</failure>
    <system-out>Configuring TestNG with: org.apache.maven.surefire.testng.conf.TestNG652Configurator@c81cdd1
</system-out>
    <system-err>SLF4J: Class path contains multiple SLF4J bindings.
SLF4J: Found binding in [jar:file:/Users/sofanabenoutiq/.m2/repository/org/slf4j/slf4j-jdk14/1.5.3/slf4j-jdk14-1.5.3.jar!/org/slf4j/impl/StaticLoggerBinder.class]
SLF4J: Found binding in [jar:file:/Users/sofanabenoutiq/.m2/repository/org/slf4j/slf4j-log4j12/1.7.22/slf4j-log4j12-1.7.22.jar!/org/slf4j/impl/StaticLoggerBinder.class]
SLF4J: See http://www.slf4j.org/codes.html#multiple_bindings for an explanation.
SLF4J: slf4j-api 1.6.x (or later) is incompatible with this binding.
SLF4J: Your binding is version 1.5.5 or earlier.
SLF4J: Upgrade your binding to version 1.6.x.
</system-err>
  </testcase>
  <testcase classname="pomDesign.SeachBylocationTest" name="setUp" time="0.269">
    <skipped/>
  </testcase>
  <testcase classname="pomDesign.SeachBylocationTest" name="SearchByLocation" time="0.271">
    <skipped/>
  </testcase>
  <testcase classname="pomDesign.SeachBylocationTest" name="closeUp" time="0.272">
    <skipped/>
  </testcase>
</testsuite>