<?xml version="1.0" encoding="UTF-8"?>
<testng-results skipped="0" failed="0" ignored="0" total="1" passed="1">
  <reporter-output>
  </reporter-output>
  <suite name="Suite" duration-ms="16648" started-at="2018-12-21T03:33:09Z" finished-at="2018-12-21T03:33:26Z">
    <groups>
    </groups>
    <test name="Test" duration-ms="16648" started-at="2018-12-21T03:33:09Z" finished-at="2018-12-21T03:33:26Z">
      <class name="pomDesign.FindAnAgentTest">
        <test-method status="PASS" signature="setUp()[pri:0, instance:pomDesign.FindAnAgentTest@2669b199]" name="setUp" is-config="true" duration-ms="7579" started-at="2018-12-21T03:33:09Z" finished-at="2018-12-21T03:33:17Z">
          <reporter-output>
          </reporter-output>
        </test-method> <!-- setUp -->
        <test-method status="PASS" signature="FindAnAgentSection()[pri:0, instance:pomDesign.FindAnAgentTest@2669b199]" name="FindAnAgentSection" duration-ms="8868" started-at="2018-12-21T03:33:17Z" finished-at="2018-12-21T03:33:26Z">
          <reporter-output>
          </reporter-output>
        </test-method> <!-- FindAnAgentSection -->
        <test-method status="PASS" signature="closeBrowser()[pri:0, instance:pomDesign.FindAnAgentTest@2669b199]" name="closeBrowser" is-config="true" duration-ms="182" started-at="2018-12-21T03:33:26Z" finished-at="2018-12-21T03:33:26Z">
          <reporter-output>
          </reporter-output>
        </test-method> <!-- closeBrowser -->
      </class> <!-- pomDesign.FindAnAgentTest -->
    </test> <!-- Test -->
  </suite> <!-- Suite -->
</testng-results>
